[26922:35587:0205/023849.440158:ERROR:chrome_browser_main_extra_parts_metrics.cc(227)] START: ReportBluetoothAvailability(). If you don't see the END: message, this is crbug.com/1216328.
[26922:35587:0205/023849.459084:ERROR:chrome_browser_main_extra_parts_metrics.cc(230)] END: ReportBluetoothAvailability()
[26922:35587:0205/023849.459194:ERROR:chrome_browser_main_extra_parts_metrics.cc(235)] START: GetDefaultBrowser(). If you don't see the END: message, this is crbug.com/1216328.
[26922:35587:0205/023849.461035:ERROR:chrome_browser_main_extra_parts_metrics.cc(239)] END: GetDefaultBrowser()
[26922:259:0205/023924.613920:INFO:CONSOLE(1)] "fetchAd: SyntaxError: Unexpected end of JSON input", source: https://tokensniffer.com/_next/static/chunks/pages/tokens/scam-1b742e7ec0a99fdf0a1a.js (1)
[26922:259:0205/023928.680786:INFO:CONSOLE(1)] "fetchAd: SyntaxError: Unexpected end of JSON input", source: https://tokensniffer.com/_next/static/chunks/pages/tokens/scam-1b742e7ec0a99fdf0a1a.js (1)
[26922:259:0205/023932.822172:INFO:CONSOLE(1)] "fetchAd: SyntaxError: Unexpected end of JSON input", source: https://tokensniffer.com/_next/static/chunks/pages/tokens/scam-1b742e7ec0a99fdf0a1a.js (1)
[26922:259:0205/023937.900317:INFO:CONSOLE(1)] "fetchAd: SyntaxError: Unexpected end of JSON input", source: https://tokensniffer.com/_next/static/chunks/pages/tokens/scam-1b742e7ec0a99fdf0a1a.js (1)
[26922:259:0205/023942.205781:INFO:CONSOLE(1)] "fetchAd: SyntaxError: Unexpected end of JSON input", source: https://tokensniffer.com/_next/static/chunks/pages/tokens/scam-1b742e7ec0a99fdf0a1a.js (1)
[26922:259:0205/023946.283051:INFO:CONSOLE(1)] "fetchAd: SyntaxError: Unexpected end of JSON input", source: https://tokensniffer.com/_next/static/chunks/pages/tokens/scam-1b742e7ec0a99fdf0a1a.js (1)
[26922:259:0205/023950.399448:INFO:CONSOLE(1)] "fetchAd: SyntaxError: Unexpected end of JSON input", source: https://tokensniffer.com/_next/static/chunks/pages/tokens/scam-1b742e7ec0a99fdf0a1a.js (1)
[26922:259:0205/023954.401554:INFO:CONSOLE(1)] "fetchAd: SyntaxError: Unexpected end of JSON input", source: https://tokensniffer.com/_next/static/chunks/pages/tokens/scam-1b742e7ec0a99fdf0a1a.js (1)
[26922:259:0205/023958.456019:INFO:CONSOLE(1)] "fetchAd: SyntaxError: Unexpected end of JSON input", source: https://tokensniffer.com/_next/static/chunks/pages/tokens/scam-1b742e7ec0a99fdf0a1a.js (1)
[26922:259:0205/024002.561375:INFO:CONSOLE(1)] "fetchAd: SyntaxError: Unexpected end of JSON input", source: https://tokensniffer.com/_next/static/chunks/pages/tokens/scam-1b742e7ec0a99fdf0a1a.js (1)
[26922:259:0205/024006.572660:INFO:CONSOLE(1)] "fetchAd: SyntaxError: Unexpected end of JSON input", source: https://tokensniffer.com/_next/static/chunks/pages/tokens/scam-1b742e7ec0a99fdf0a1a.js (1)
[26922:259:0205/024010.606485:INFO:CONSOLE(1)] "fetchAd: SyntaxError: Unexpected end of JSON input", source: https://tokensniffer.com/_next/static/chunks/pages/tokens/scam-1b742e7ec0a99fdf0a1a.js (1)
[26922:259:0205/024014.606683:INFO:CONSOLE(1)] "fetchAd: SyntaxError: Unexpected end of JSON input", source: https://tokensniffer.com/_next/static/chunks/pages/tokens/scam-1b742e7ec0a99fdf0a1a.js (1)
[26922:259:0205/024019.766445:INFO:CONSOLE(1)] "fetchAd: SyntaxError: Unexpected end of JSON input", source: https://tokensniffer.com/_next/static/chunks/pages/tokens/scam-1b742e7ec0a99fdf0a1a.js (1)
[26922:259:0205/024023.809701:INFO:CONSOLE(1)] "fetchAd: SyntaxError: Unexpected end of JSON input", source: https://tokensniffer.com/_next/static/chunks/pages/tokens/scam-1b742e7ec0a99fdf0a1a.js (1)
[26922:259:0205/024027.884155:INFO:CONSOLE(1)] "fetchAd: SyntaxError: Unexpected end of JSON input", source: https://tokensniffer.com/_next/static/chunks/pages/tokens/scam-1b742e7ec0a99fdf0a1a.js (1)
[26922:259:0205/024031.807210:INFO:CONSOLE(1)] "fetchAd: SyntaxError: Unexpected end of JSON input", source: https://tokensniffer.com/_next/static/chunks/pages/tokens/scam-1b742e7ec0a99fdf0a1a.js (1)
[26922:259:0205/024035.873462:INFO:CONSOLE(1)] "fetchAd: SyntaxError: Unexpected end of JSON input", source: https://tokensniffer.com/_next/static/chunks/pages/tokens/scam-1b742e7ec0a99fdf0a1a.js (1)
[26922:259:0205/024040.025729:INFO:CONSOLE(1)] "fetchAd: SyntaxError: Unexpected end of JSON input", source: https://tokensniffer.com/_next/static/chunks/pages/tokens/scam-1b742e7ec0a99fdf0a1a.js (1)
[26922:259:0205/024044.079145:INFO:CONSOLE(1)] "fetchAd: SyntaxError: Unexpected end of JSON input", source: https://tokensniffer.com/_next/static/chunks/pages/tokens/scam-1b742e7ec0a99fdf0a1a.js (1)
[26922:259:0205/024048.237769:INFO:CONSOLE(1)] "fetchAd: SyntaxError: Unexpected end of JSON input", source: https://tokensniffer.com/_next/static/chunks/pages/tokens/scam-1b742e7ec0a99fdf0a1a.js (1)
[26922:259:0205/024052.299175:INFO:CONSOLE(1)] "fetchAd: SyntaxError: Unexpected end of JSON input", source: https://tokensniffer.com/_next/static/chunks/pages/tokens/scam-1b742e7ec0a99fdf0a1a.js (1)
[26922:259:0205/024056.393355:INFO:CONSOLE(1)] "fetchAd: SyntaxError: Unexpected end of JSON input", source: https://tokensniffer.com/_next/static/chunks/pages/tokens/scam-1b742e7ec0a99fdf0a1a.js (1)
[26922:259:0205/024101.396337:INFO:CONSOLE(1)] "fetchAd: SyntaxError: Unexpected end of JSON input", source: https://tokensniffer.com/_next/static/chunks/pages/tokens/scam-1b742e7ec0a99fdf0a1a.js (1)
[26922:259:0205/024105.519659:INFO:CONSOLE(1)] "fetchAd: SyntaxError: Unexpected end of JSON input", source: https://tokensniffer.com/_next/static/chunks/pages/tokens/scam-1b742e7ec0a99fdf0a1a.js (1)
[26922:259:0205/024109.596529:INFO:CONSOLE(1)] "fetchAd: SyntaxError: Unexpected end of JSON input", source: https://tokensniffer.com/_next/static/chunks/pages/tokens/scam-1b742e7ec0a99fdf0a1a.js (1)
[26922:259:0205/024113.673099:INFO:CONSOLE(1)] "fetchAd: SyntaxError: Unexpected end of JSON input", source: https://tokensniffer.com/_next/static/chunks/pages/tokens/scam-1b742e7ec0a99fdf0a1a.js (1)
[26922:259:0205/024118.452389:INFO:CONSOLE(1)] "fetchAd: SyntaxError: Unexpected end of JSON input", source: https://tokensniffer.com/_next/static/chunks/pages/tokens/scam-1b742e7ec0a99fdf0a1a.js (1)
[26922:259:0205/024122.902329:INFO:CONSOLE(1)] "fetchAd: SyntaxError: Unexpected end of JSON input", source: https://tokensniffer.com/_next/static/chunks/pages/tokens/scam-1b742e7ec0a99fdf0a1a.js (1)
[26922:259:0205/024127.022289:INFO:CONSOLE(1)] "fetchAd: SyntaxError: Unexpected end of JSON input", source: https://tokensniffer.com/_next/static/chunks/pages/tokens/scam-1b742e7ec0a99fdf0a1a.js (1)
[26922:259:0205/024131.079203:INFO:CONSOLE(1)] "fetchAd: SyntaxError: Unexpected end of JSON input", source: https://tokensniffer.com/_next/static/chunks/pages/tokens/scam-1b742e7ec0a99fdf0a1a.js (1)
[26922:259:0205/024135.187953:INFO:CONSOLE(1)] "fetchAd: SyntaxError: Unexpected end of JSON input", source: https://tokensniffer.com/_next/static/chunks/pages/tokens/scam-1b742e7ec0a99fdf0a1a.js (1)
[26922:259:0205/024139.294667:INFO:CONSOLE(1)] "fetchAd: SyntaxError: Unexpected end of JSON input", source: https://tokensniffer.com/_next/static/chunks/pages/tokens/scam-1b742e7ec0a99fdf0a1a.js (1)
[26922:259:0205/024144.482336:INFO:CONSOLE(1)] "fetchAd: SyntaxError: Unexpected end of JSON input", source: https://tokensniffer.com/_next/static/chunks/pages/tokens/scam-1b742e7ec0a99fdf0a1a.js (1)
[26922:259:0205/024148.616594:INFO:CONSOLE(1)] "fetchAd: SyntaxError: Unexpected end of JSON input", source: https://tokensniffer.com/_next/static/chunks/pages/tokens/scam-1b742e7ec0a99fdf0a1a.js (1)
[26922:259:0205/024152.752525:INFO:CONSOLE(1)] "fetchAd: SyntaxError: Unexpected end of JSON input", source: https://tokensniffer.com/_next/static/chunks/pages/tokens/scam-1b742e7ec0a99fdf0a1a.js (1)
[26922:259:0205/024156.790471:INFO:CONSOLE(1)] "fetchAd: SyntaxError: Unexpected end of JSON input", source: https://tokensniffer.com/_next/static/chunks/pages/tokens/scam-1b742e7ec0a99fdf0a1a.js (1)
[26922:259:0205/024200.834764:INFO:CONSOLE(1)] "fetchAd: SyntaxError: Unexpected end of JSON input", source: https://tokensniffer.com/_next/static/chunks/pages/tokens/scam-1b742e7ec0a99fdf0a1a.js (1)
[26922:259:0205/024205.055594:INFO:CONSOLE(1)] "fetchAd: SyntaxError: Unexpected end of JSON input", source: https://tokensniffer.com/_next/static/chunks/pages/tokens/scam-1b742e7ec0a99fdf0a1a.js (1)
[26922:259:0205/024209.171833:INFO:CONSOLE(1)] "fetchAd: SyntaxError: Unexpected end of JSON input", source: https://tokensniffer.com/_next/static/chunks/pages/tokens/scam-1b742e7ec0a99fdf0a1a.js (1)
[26922:259:0205/024213.140271:INFO:CONSOLE(1)] "fetchAd: SyntaxError: Unexpected end of JSON input", source: https://tokensniffer.com/_next/static/chunks/pages/tokens/scam-1b742e7ec0a99fdf0a1a.js (1)
[26922:259:0205/024217.233816:INFO:CONSOLE(1)] "fetchAd: SyntaxError: Unexpected end of JSON input", source: https://tokensniffer.com/_next/static/chunks/pages/tokens/scam-1b742e7ec0a99fdf0a1a.js (1)
[26922:259:0205/024221.364242:INFO:CONSOLE(1)] "fetchAd: SyntaxError: Unexpected end of JSON input", source: https://tokensniffer.com/_next/static/chunks/pages/tokens/scam-1b742e7ec0a99fdf0a1a.js (1)
[26922:259:0205/024226.587774:INFO:CONSOLE(1)] "fetchAd: SyntaxError: Unexpected end of JSON input", source: https://tokensniffer.com/_next/static/chunks/pages/tokens/scam-1b742e7ec0a99fdf0a1a.js (1)
[26922:259:0205/024230.740270:INFO:CONSOLE(1)] "fetchAd: SyntaxError: Unexpected end of JSON input", source: https://tokensniffer.com/_next/static/chunks/pages/tokens/scam-1b742e7ec0a99fdf0a1a.js (1)
[26922:259:0205/024234.998538:INFO:CONSOLE(1)] "fetchAd: SyntaxError: Unexpected end of JSON input", source: https://tokensniffer.com/_next/static/chunks/pages/tokens/scam-1b742e7ec0a99fdf0a1a.js (1)
[26922:259:0205/024239.040641:INFO:CONSOLE(1)] "fetchAd: SyntaxError: Unexpected end of JSON input", source: https://tokensniffer.com/_next/static/chunks/pages/tokens/scam-1b742e7ec0a99fdf0a1a.js (1)
[26922:259:0205/024243.161572:INFO:CONSOLE(1)] "fetchAd: SyntaxError: Unexpected end of JSON input", source: https://tokensniffer.com/_next/static/chunks/pages/tokens/scam-1b742e7ec0a99fdf0a1a.js (1)
[26922:259:0205/024247.338959:INFO:CONSOLE(1)] "fetchAd: SyntaxError: Unexpected end of JSON input", source: https://tokensniffer.com/_next/static/chunks/pages/tokens/scam-1b742e7ec0a99fdf0a1a.js (1)
[26922:259:0205/024251.538906:INFO:CONSOLE(1)] "fetchAd: SyntaxError: Unexpected end of JSON input", source: https://tokensniffer.com/_next/static/chunks/pages/tokens/scam-1b742e7ec0a99fdf0a1a.js (1)
[26922:259:0205/024255.672339:INFO:CONSOLE(1)] "fetchAd: SyntaxError: Unexpected end of JSON input", source: https://tokensniffer.com/_next/static/chunks/pages/tokens/scam-1b742e7ec0a99fdf0a1a.js (1)
[26922:259:0205/024259.766044:INFO:CONSOLE(1)] "fetchAd: SyntaxError: Unexpected end of JSON input", source: https://tokensniffer.com/_next/static/chunks/pages/tokens/scam-1b742e7ec0a99fdf0a1a.js (1)
[26922:259:0205/024303.829080:INFO:CONSOLE(1)] "fetchAd: SyntaxError: Unexpected end of JSON input", source: https://tokensniffer.com/_next/static/chunks/pages/tokens/scam-1b742e7ec0a99fdf0a1a.js (1)
[26922:259:0205/024309.047598:INFO:CONSOLE(1)] "fetchAd: SyntaxError: Unexpected end of JSON input", source: https://tokensniffer.com/_next/static/chunks/pages/tokens/scam-1b742e7ec0a99fdf0a1a.js (1)
[26922:259:0205/024313.188271:INFO:CONSOLE(1)] "fetchAd: SyntaxError: Unexpected end of JSON input", source: https://tokensniffer.com/_next/static/chunks/pages/tokens/scam-1b742e7ec0a99fdf0a1a.js (1)
[26922:259:0205/024317.330754:INFO:CONSOLE(1)] "fetchAd: SyntaxError: Unexpected end of JSON input", source: https://tokensniffer.com/_next/static/chunks/pages/tokens/scam-1b742e7ec0a99fdf0a1a.js (1)
[26922:259:0205/024321.435098:INFO:CONSOLE(1)] "fetchAd: SyntaxError: Unexpected end of JSON input", source: https://tokensniffer.com/_next/static/chunks/pages/tokens/scam-1b742e7ec0a99fdf0a1a.js (1)
[26922:259:0205/024325.535096:INFO:CONSOLE(1)] "fetchAd: SyntaxError: Unexpected end of JSON input", source: https://tokensniffer.com/_next/static/chunks/pages/tokens/scam-1b742e7ec0a99fdf0a1a.js (1)
[26922:259:0205/024329.611165:INFO:CONSOLE(1)] "fetchAd: SyntaxError: Unexpected end of JSON input", source: https://tokensniffer.com/_next/static/chunks/pages/tokens/scam-1b742e7ec0a99fdf0a1a.js (1)
[26922:259:0205/024333.813470:INFO:CONSOLE(1)] "fetchAd: SyntaxError: Unexpected end of JSON input", source: https://tokensniffer.com/_next/static/chunks/pages/tokens/scam-1b742e7ec0a99fdf0a1a.js (1)
[26922:259:0205/024337.866803:INFO:CONSOLE(1)] "fetchAd: SyntaxError: Unexpected end of JSON input", source: https://tokensniffer.com/_next/static/chunks/pages/tokens/scam-1b742e7ec0a99fdf0a1a.js (1)
[26922:259:0205/024341.937282:INFO:CONSOLE(1)] "fetchAd: SyntaxError: Unexpected end of JSON input", source: https://tokensniffer.com/_next/static/chunks/pages/tokens/scam-1b742e7ec0a99fdf0a1a.js (1)
[26922:259:0205/024346.031403:INFO:CONSOLE(1)] "fetchAd: SyntaxError: Unexpected end of JSON input", source: https://tokensniffer.com/_next/static/chunks/pages/tokens/scam-1b742e7ec0a99fdf0a1a.js (1)
[26922:259:0205/024351.106614:INFO:CONSOLE(1)] "fetchAd: SyntaxError: Unexpected end of JSON input", source: https://tokensniffer.com/_next/static/chunks/pages/tokens/scam-1b742e7ec0a99fdf0a1a.js (1)
[26922:259:0205/024355.252465:INFO:CONSOLE(1)] "fetchAd: SyntaxError: Unexpected end of JSON input", source: https://tokensniffer.com/_next/static/chunks/pages/tokens/scam-1b742e7ec0a99fdf0a1a.js (1)
[26922:259:0205/024359.325712:INFO:CONSOLE(1)] "fetchAd: SyntaxError: Unexpected end of JSON input", source: https://tokensniffer.com/_next/static/chunks/pages/tokens/scam-1b742e7ec0a99fdf0a1a.js (1)
[26922:259:0205/024403.490482:INFO:CONSOLE(1)] "fetchAd: SyntaxError: Unexpected end of JSON input", source: https://tokensniffer.com/_next/static/chunks/pages/tokens/scam-1b742e7ec0a99fdf0a1a.js (1)
[26922:259:0205/024407.666192:INFO:CONSOLE(1)] "fetchAd: SyntaxError: Unexpected end of JSON input", source: https://tokensniffer.com/_next/static/chunks/pages/tokens/scam-1b742e7ec0a99fdf0a1a.js (1)
[26922:259:0205/024411.816981:INFO:CONSOLE(1)] "fetchAd: SyntaxError: Unexpected end of JSON input", source: https://tokensniffer.com/_next/static/chunks/pages/tokens/scam-1b742e7ec0a99fdf0a1a.js (1)
[26922:259:0205/024416.195369:INFO:CONSOLE(1)] "fetchAd: SyntaxError: Unexpected end of JSON input", source: https://tokensniffer.com/_next/static/chunks/pages/tokens/scam-1b742e7ec0a99fdf0a1a.js (1)
[26922:259:0205/024420.341761:INFO:CONSOLE(1)] "fetchAd: SyntaxError: Unexpected end of JSON input", source: https://tokensniffer.com/_next/static/chunks/pages/tokens/scam-1b742e7ec0a99fdf0a1a.js (1)
[26922:259:0205/024424.462532:INFO:CONSOLE(1)] "fetchAd: SyntaxError: Unexpected end of JSON input", source: https://tokensniffer.com/_next/static/chunks/pages/tokens/scam-1b742e7ec0a99fdf0a1a.js (1)
[26922:259:0205/024428.563191:INFO:CONSOLE(1)] "fetchAd: SyntaxError: Unexpected end of JSON input", source: https://tokensniffer.com/_next/static/chunks/pages/tokens/scam-1b742e7ec0a99fdf0a1a.js (1)
[26922:259:0205/024433.884608:INFO:CONSOLE(1)] "fetchAd: SyntaxError: Unexpected end of JSON input", source: https://tokensniffer.com/_next/static/chunks/pages/tokens/scam-1b742e7ec0a99fdf0a1a.js (1)
[26922:259:0205/024438.037114:INFO:CONSOLE(1)] "fetchAd: SyntaxError: Unexpected end of JSON input", source: https://tokensniffer.com/_next/static/chunks/pages/tokens/scam-1b742e7ec0a99fdf0a1a.js (1)
[26922:259:0205/024442.224163:INFO:CONSOLE(1)] "fetchAd: SyntaxError: Unexpected end of JSON input", source: https://tokensniffer.com/_next/static/chunks/pages/tokens/scam-1b742e7ec0a99fdf0a1a.js (1)
[26922:259:0205/024446.331208:INFO:CONSOLE(1)] "fetchAd: SyntaxError: Unexpected end of JSON input", source: https://tokensniffer.com/_next/static/chunks/pages/tokens/scam-1b742e7ec0a99fdf0a1a.js (1)
[26922:259:0205/024450.791362:INFO:CONSOLE(1)] "fetchAd: SyntaxError: Unexpected end of JSON input", source: https://tokensniffer.com/_next/static/chunks/pages/tokens/scam-1b742e7ec0a99fdf0a1a.js (1)
[26922:259:0205/024454.899978:INFO:CONSOLE(1)] "fetchAd: SyntaxError: Unexpected end of JSON input", source: https://tokensniffer.com/_next/static/chunks/pages/tokens/scam-1b742e7ec0a99fdf0a1a.js (1)
[26922:259:0205/024459.176171:INFO:CONSOLE(1)] "fetchAd: SyntaxError: Unexpected end of JSON input", source: https://tokensniffer.com/_next/static/chunks/pages/tokens/scam-1b742e7ec0a99fdf0a1a.js (1)
[26922:259:0205/024503.326812:INFO:CONSOLE(1)] "fetchAd: SyntaxError: Unexpected end of JSON input", source: https://tokensniffer.com/_next/static/chunks/pages/tokens/scam-1b742e7ec0a99fdf0a1a.js (1)
[26922:259:0205/024507.531529:INFO:CONSOLE(1)] "fetchAd: SyntaxError: Unexpected end of JSON input", source: https://tokensniffer.com/_next/static/chunks/pages/tokens/scam-1b742e7ec0a99fdf0a1a.js (1)
[26922:259:0205/024511.786197:INFO:CONSOLE(1)] "fetchAd: SyntaxError: Unexpected end of JSON input", source: https://tokensniffer.com/_next/static/chunks/pages/tokens/scam-1b742e7ec0a99fdf0a1a.js (1)
[26922:259:0205/024516.975414:INFO:CONSOLE(1)] "fetchAd: SyntaxError: Unexpected end of JSON input", source: https://tokensniffer.com/_next/static/chunks/pages/tokens/scam-1b742e7ec0a99fdf0a1a.js (1)
[26922:259:0205/024521.109509:INFO:CONSOLE(1)] "fetchAd: SyntaxError: Unexpected end of JSON input", source: https://tokensniffer.com/_next/static/chunks/pages/tokens/scam-1b742e7ec0a99fdf0a1a.js (1)
[26922:259:0205/024525.380559:INFO:CONSOLE(1)] "fetchAd: SyntaxError: Unexpected end of JSON input", source: https://tokensniffer.com/_next/static/chunks/pages/tokens/scam-1b742e7ec0a99fdf0a1a.js (1)
[26922:259:0205/024529.517450:INFO:CONSOLE(1)] "fetchAd: SyntaxError: Unexpected end of JSON input", source: https://tokensniffer.com/_next/static/chunks/pages/tokens/scam-1b742e7ec0a99fdf0a1a.js (1)
[26922:259:0205/024533.766056:INFO:CONSOLE(1)] "fetchAd: SyntaxError: Unexpected end of JSON input", source: https://tokensniffer.com/_next/static/chunks/pages/tokens/scam-1b742e7ec0a99fdf0a1a.js (1)
[26922:259:0205/024537.900228:INFO:CONSOLE(1)] "fetchAd: SyntaxError: Unexpected end of JSON input", source: https://tokensniffer.com/_next/static/chunks/pages/tokens/scam-1b742e7ec0a99fdf0a1a.js (1)
[26922:259:0205/024542.217100:INFO:CONSOLE(1)] "fetchAd: SyntaxError: Unexpected end of JSON input", source: https://tokensniffer.com/_next/static/chunks/pages/tokens/scam-1b742e7ec0a99fdf0a1a.js (1)
[26922:259:0205/024546.221799:INFO:CONSOLE(1)] "fetchAd: SyntaxError: Unexpected end of JSON input", source: https://tokensniffer.com/_next/static/chunks/pages/tokens/scam-1b742e7ec0a99fdf0a1a.js (1)
[26922:259:0205/024550.404920:INFO:CONSOLE(1)] "fetchAd: SyntaxError: Unexpected end of JSON input", source: https://tokensniffer.com/_next/static/chunks/pages/tokens/scam-1b742e7ec0a99fdf0a1a.js (1)
[26922:147323:0205/030948.971115:WARNING:dns_config_service_posix.cc(205)] Failed to read DnsConfig.
[26922:147323:0205/034035.999931:WARNING:dns_config_service_posix.cc(205)] Failed to read DnsConfig.
[26922:259:0205/120637.922522:WARNING:pref_notifier_impl.cc(40)] Pref observer for media_router.cast_allow_all_ips found at shutdown.
